-------------------- Log Start | Sun Nov  5 07:13:26 2023 --------------------
data_path: /home/tomaskrejci/printer_data
is_default_data_path: False
config_file: /home/tomaskrejci/printer_data/config/moonraker.conf
startup_warnings: []
verbose: False
debug: False
asyncio_debug: False
is_backup_config: False
is_python_package: False
instance_uuid: 1e28918a8dfa4eea9754ffdfa6a33b5a
unix_socket_path: /home/tomaskrejci/printer_data/comms/moonraker.sock
software_version: v0.8.0-182-g9785387
git_branch: master
git_remote: origin
git_repo_url: https://github.com/Arksine/moonraker.git
modified_files: []
unofficial_components: []
log_file: /home/tomaskrejci/printer_data/logs/moonraker.log
python_version: 3.9.2 (default, Feb 28 2021, 17:03:44)  [GCC 10.2.1 20210110]
msgspec_enabled: False
uvloop_enabled: False

#################### Moonraker Configuration ####################

[server]
host = 0.0.0.0
port = 7125
klippy_uds_address = /home/tomaskrejci/printer_data/comms/klippy.sock

[file_manager]
enable_object_processing = True

[authorization]
trusted_clients = 
	10.0.0.0/8
	127.0.0.0/8
	169.254.0.0/16
	172.16.0.0/12
	192.168.0.0/16
	FE80::/10
	::1/128
cors_domains = 
	*.lan
	*.local
	*://localhost
	*://localhost:*
	*://my.mainsail.xyz
	*://app.fluidd.xyz

[octoprint_compat]

[history]

[update_manager]
channel = dev
refresh_interval = 168

[update_manager Klipper-Adaptive-Meshing-Purging]
type = git_repo
channel = dev
path = ~/Klipper-Adaptive-Meshing-Purging
origin = https://github.com/kyleisah/Klipper-Adaptive-Meshing-Purging.git
managed_services = klipper
primary_branch = main

[update_manager fluidd-config]
type = git_repo
primary_branch = master
path = ~/fluidd-config
origin = https://github.com/fluidd-core/fluidd-config.git
managed_services = klipper

[update_manager fluidd]
type = web
channel = stable
repo = fluidd-core/fluidd
path = ~/fluidd

[update_manager crowsnest]
type = git_repo
path = ~/crowsnest
origin = https://github.com/mainsail-crew/crowsnest.git
managed_services = crowsnest
install_script = tools/pkglist.sh

#################################################################
All Configuration Files:
/home/tomaskrejci/printer_data/config/moonraker.conf
#################################################################
Unsafe Shutdown Count: 3

System Info:

***python***
  version: (3, 9, 2, 'final', 0)
  version_string: 3.9.2 (default, Feb 28 2021, 17:03:44)  [GCC 10.2.1 20210110]

***cpu_info***
  cpu_count: 4
  bits: 64bit
  processor: aarch64
  cpu_desc: 
  serial_number: 1000000024b2858d
  hardware_desc: BCM2835
  model: Raspberry Pi 4 Model B Rev 1.5
  total_memory: 3705528
  memory_units: kB

***sd_info***
  manufacturer_id: 1b
  manufacturer: Samsung
  oem_id: 534d
  product_name: EC1S5
  product_revision: 3.0
  serial_number: 401c6328
  manufacturer_date: 2/2023
  capacity: 59.7 GiB
  total_bytes: 64088965120

***distribution***
  name: Debian GNU/Linux 11 (bullseye)
  id: debian
  version: 11
  version_parts: {'major': '11', 'minor': '', 'build_number': ''}
  like: 
  codename: bullseye
  release_info: {}

***virtualization***
  virt_type: none
  virt_identifier: none

***network***

***canbus***

***Allowed Services***
  klipper_mcu
  webcamd
  MoonCord
  KlipperScreen
  moonraker-telegram-bot
  moonraker-obico
  sonar
  crowsnest
  octoeverywhere
  ratos-configurator

Systemd unit moonraker.service:
unit_name: moonraker.service
is_default: True
manager: systemd
Properties:
**Requires=['network-online.target', 'system.slice', 'sysinit.target', '-.mount']
**After=['network-online.target', 'system.slice', 'systemd-journald.socket', 'sysinit.target', '-.mount', 'basic.target']
**SupplementaryGroups=['moonraker-admin']
**EnvironmentFiles=/home/tomaskrejci/printer_data/systemd/moonraker.env
**ExecStart=/home/tomaskrejci/moonraker-env/bin/python $MOONRAKER_ARGS
**WorkingDirectory=/home/tomaskrejci/moonraker
**FragmentPath=/etc/systemd/system/moonraker.service
**Description=API Server for Klipper SV1
**User=tomaskrejci

Systemd unit klipper.service:
unit_name: klipper.service
is_default: True
manager: systemd
Properties:
**Requires=['sysinit.target', '-.mount', 'system.slice']
**After=['systemd-journald.socket', 'network-online.target', 'sysinit.target', '-.mount', 'system.slice', 'basic.target']
**SupplementaryGroups=[]
**EnvironmentFiles=/home/tomaskrejci/printer_data/systemd/klipper.env
**ExecStart=/home/tomaskrejci/klippy-env/bin/python $KLIPPER_ARGS
**WorkingDirectory=/home/tomaskrejci/klipper
**FragmentPath=/etc/systemd/system/klipper.service
**Description=Klipper 3D Printer Firmware SV1
**User=tomaskrejci
Git Repo moonraker: No warnings detected
Git Repo klipper: No warnings detected
Git Repo Klipper-Adaptive-Meshing-Purging: No warnings detected
Git Repo fluidd-config: No warnings detected
Git Repo crowsnest: No warnings detected
Klipper Version: v0.11.0-297-g5edc7fee
2023-11-05 08:13:26,873 [authorization.py:_check_trusted_connection()] - Trusted Connection Detected, IP: 192.168.1.7
2023-11-05 08:13:27,097 [app.py:log_request()] - 101 GET /websocket?token=OJXANEAVW44Z54X6VHKCI5OXSNPC2OHY (192.168.1.7) [_TRUSTED_USER_] 5.07ms
2023-11-05 08:13:27,098 [websockets.py:open()] - Websocket Opened: ID: 548146195040, Proxied: False, User Agent: Mozilla/5.0 (Macintosh; Intel Mac OS X 10_15_7) AppleWebKit/605.1.15 (KHTML, like Gecko) Version/17.0 Safari/605.1.15, Host Name: 192.168.1.111
2023-11-05 08:13:27,107 [websockets.py:_handle_identify()] - Websocket 548146195040 Client Identified - Name: fluidd, Version: 1.25.3-26d94c8, Type: web
2023-11-05 08:13:27,109 [file_manager.py:get_file_list()] - Updating File List <config>...
2023-11-05 08:13:29,587 [klippy_connection.py:_on_connection_closed()] - Klippy Connection Removed
2023-11-05 08:13:29,617 [common.py:build_error()] - JSON-RPC Request Error - Requested Method: printer.info, Code: 503, Message: Klippy Host not connected
2023-11-05 08:13:30,847 [klippy_connection.py:_do_connect()] - Klippy Connection Established
2023-11-05 08:13:36,985 [klippy_connection.py:_request_initial_subscriptions()] - Webhooks Subscribed
2023-11-05 08:13:36,987 [klippy_connection.py:_request_initial_subscriptions()] - GCode Output Subscribed
2023-11-05 08:13:37,236 [job_state.py:_handle_started()] - Job state initialized: standby
2023-11-05 08:13:37,496 [klippy_connection.py:_check_ready()] - Klippy ready
2023-11-05 08:13:37,994 [data_store.py:_init_sensors()] - Configuring available sensors: ['temperature_sensor raspberry_pi', 'temperature_sensor mcu_temp', 'temperature_sensor tmc2209_extruder', 'temperature_sensor tmc2209_stepper_z', 'temperature_sensor tmc5160_stepper_x', 'temperature_sensor tmc5160_stepper_x1', 'temperature_sensor tmc5160_stepper_y', 'temperature_sensor tmc5160_stepper_y1', 'heater_bed', 'extruder']
2023-11-05 08:18:50,538 [klippy_connection.py:wait()] - Request 'gcode/script' pending: 60.00 seconds
2023-11-05 08:18:56,275 [klippy_connection.py:wait()] - Request 'gcode/script' pending: 60.00 seconds
2023-11-05 08:19:50,540 [klippy_connection.py:wait()] - Request 'gcode/script' pending: 120.00 seconds
2023-11-05 08:19:56,277 [klippy_connection.py:wait()] - Request 'gcode/script' pending: 120.00 seconds
2023-11-05 08:20:50,542 [klippy_connection.py:wait()] - Request 'gcode/script' pending: 180.01 seconds
2023-11-05 08:20:56,279 [klippy_connection.py:wait()] - Request 'gcode/script' pending: 180.00 seconds
2023-11-05 08:21:50,545 [klippy_connection.py:wait()] - Request 'gcode/script' pending: 240.01 seconds
2023-11-05 08:21:56,281 [klippy_connection.py:wait()] - Request 'gcode/script' pending: 240.01 seconds
2023-11-05 08:22:50,547 [klippy_connection.py:wait()] - Request 'gcode/script' pending: 300.01 seconds
2023-11-05 08:22:56,282 [klippy_connection.py:wait()] - Request 'gcode/script' pending: 300.01 seconds
2023-11-05 08:23:14,015 [klippy_connection.py:_on_connection_closed()] - Klippy Connection Removed
2023-11-05 08:23:14,251 [common.py:build_error()] - JSON-RPC Request Error - Requested Method: printer.info, Code: 503, Message: Klippy Host not connected
2023-11-05 08:23:15,272 [klippy_connection.py:_do_connect()] - Klippy Connection Established
2023-11-05 08:23:16,343 [klippy_connection.py:_request_initial_subscriptions()] - Webhooks Subscribed
2023-11-05 08:23:16,346 [klippy_connection.py:_request_initial_subscriptions()] - GCode Output Subscribed
2023-11-05 08:23:16,594 [job_state.py:_handle_started()] - Job state initialized: standby
2023-11-05 08:23:16,853 [klippy_connection.py:_check_ready()] - Klippy ready
2023-11-05 08:23:17,347 [data_store.py:_init_sensors()] - Configuring available sensors: ['temperature_sensor raspberry_pi', 'temperature_sensor mcu_temp', 'temperature_sensor tmc2209_extruder', 'temperature_sensor tmc2209_stepper_z', 'temperature_sensor tmc5160_stepper_x', 'temperature_sensor tmc5160_stepper_x1', 'temperature_sensor tmc5160_stepper_y', 'temperature_sensor tmc5160_stepper_y1', 'heater_bed', 'extruder']
2023-11-05 08:28:22,587 [app.py:prepare()] - Upload Request Received from 192.168.1.7
2023-11-05 08:28:22,604 [app.py:prepare()] - Upload Request Received from 192.168.1.7
2023-11-05 08:28:22,609 [app.py:post()] - Processing Uploaded File: printer.cfg
2023-11-05 08:28:22,619 [app.py:log_request()] - 201 POST /server/files/upload (192.168.1.7) [_TRUSTED_USER_] 16.44ms
2023-11-05 08:31:50,738 [app.py:prepare()] - Upload Request Received from 192.168.1.7
2023-11-05 08:31:50,753 [app.py:prepare()] - Upload Request Received from 192.168.1.7
2023-11-05 08:31:50,759 [app.py:post()] - Processing Uploaded File: printer.cfg
2023-11-05 08:31:50,769 [app.py:log_request()] - 201 POST /server/files/upload (192.168.1.7) [_TRUSTED_USER_] 16.97ms
2023-11-05 08:31:51,868 [klippy_connection.py:_on_connection_closed()] - Klippy Connection Removed
2023-11-05 08:31:51,890 [common.py:build_error()] - JSON-RPC Request Error - Requested Method: printer.info, Code: 503, Message: Klippy Host not connected
2023-11-05 08:31:53,128 [klippy_connection.py:_do_connect()] - Klippy Connection Established
2023-11-05 08:31:59,249 [klippy_connection.py:_request_initial_subscriptions()] - Webhooks Subscribed
2023-11-05 08:31:59,251 [klippy_connection.py:_request_initial_subscriptions()] - GCode Output Subscribed
2023-11-05 08:31:59,500 [job_state.py:_handle_started()] - Job state initialized: standby
2023-11-05 08:31:59,768 [klippy_connection.py:_check_ready()] - Klippy ready
2023-11-05 08:32:00,258 [data_store.py:_init_sensors()] - Configuring available sensors: ['temperature_sensor raspberry_pi', 'temperature_sensor mcu_temp', 'temperature_sensor tmc2209_extruder', 'temperature_sensor tmc2209_stepper_z', 'temperature_sensor tmc5160_stepper_x', 'temperature_sensor tmc5160_stepper_x1', 'temperature_sensor tmc5160_stepper_y', 'temperature_sensor tmc5160_stepper_y1', 'heater_bed', 'extruder']
2023-11-05 08:32:04,268 [job_state.py:_status_update()] - Job Started: V235_3DBenchy.gcode
